TN:
SF:./src/scripts/dynamic-form.js
FN:1,(anonymous_1)
FNF:1
FNH:1
FNDA:1,(anonymous_1)
DA:1,1
DA:8,1
LF:2
LH:2
BRF:0
BRH:0
end_of_record
TN:
SF:./src/scripts/dynamic-form-settings.js
FN:1,(anonymous_1)
FNF:1
FNH:1
FNDA:1,(anonymous_1)
DA:1,1
DA:8,1
DA:10,1
LF:3
LH:3
BRF:0
BRH:0
end_of_record
TN:
SF:./src/scripts/helpers/submit-service.js
FN:1,(anonymous_1)
FN:8,(anonymous_2)
FN:33,(anonymous_3)
FN:59,(anonymous_4)
FN:74,(anonymous_5)
FN:95,(anonymous_6)
FN:116,(anonymous_7)
FN:133,(anonymous_8)
FN:176,(anonymous_9)
FN:178,(anonymous_10)
FN:219,(anonymous_11)
FN:254,(anonymous_12)
FNF:12
FNH:5
FNDA:1,(anonymous_1)
FNDA:6,(anonymous_2)
FNDA:0,(anonymous_3)
FNDA:0,(anonymous_4)
FNDA:0,(anonymous_5)
FNDA:0,(anonymous_6)
FNDA:0,(anonymous_7)
FNDA:0,(anonymous_8)
FNDA:4,(anonymous_9)
FNDA:4,(anonymous_10)
FNDA:2,(anonymous_11)
FNDA:0,(anonymous_12)
DA:1,1
DA:8,1
DA:14,6
DA:16,6
DA:17,6
DA:33,6
DA:35,0
DA:38,0
DA:45,0
DA:47,0
DA:59,6
DA:62,0
DA:65,0
DA:67,0
DA:68,0
DA:71,0
DA:77,0
DA:78,0
DA:80,0
DA:81,0
DA:84,0
DA:85,0
DA:88,0
DA:91,0
DA:98,0
DA:99,0
DA:101,0
DA:102,0
DA:105,0
DA:106,0
DA:109,0
DA:111,0
DA:116,6
DA:118,0
DA:119,0
DA:133,6
DA:136,0
DA:137,0
DA:141,0
DA:142,0
DA:144,0
DA:145,0
DA:146,0
DA:147,0
DA:150,0
DA:156,0
DA:159,0
DA:162,0
DA:163,0
DA:176,6
DA:178,4
DA:181,4
DA:182,2
DA:186,2
DA:189,1
DA:190,1
DA:192,0
DA:193,0
DA:196,0
DA:197,0
DA:201,1
DA:202,1
DA:206,1
DA:219,6
DA:221,2
DA:224,2
DA:225,1
DA:229,1
DA:232,1
DA:235,0
DA:238,0
DA:254,6
DA:255,0
DA:266,6
DA:272,1
DA:280,1
LF:76
LH:29
BRDA:62,1,0,0
BRDA:62,1,1,0
BRDA:65,2,0,0
BRDA:65,2,1,0
BRDA:77,3,0,0
BRDA:77,3,1,0
BRDA:80,4,0,0
BRDA:80,4,1,0
BRDA:98,5,0,0
BRDA:98,5,1,0
BRDA:101,6,0,0
BRDA:101,6,1,0
BRDA:118,7,0,0
BRDA:118,7,1,0
BRDA:136,8,0,0
BRDA:136,8,1,0
BRDA:141,9,0,0
BRDA:141,9,1,0
BRDA:144,10,0,0
BRDA:144,10,1,0
BRDA:144,10,2,0
BRDA:156,11,0,0
BRDA:156,11,1,0
BRDA:159,12,0,0
BRDA:159,12,1,0
BRDA:162,13,0,0
BRDA:162,13,1,0
BRDA:181,14,0,2
BRDA:181,14,1,2
BRDA:181,15,0,4
BRDA:181,15,1,3
BRDA:186,16,0,1
BRDA:186,16,1,1
BRDA:190,17,0,0
BRDA:190,17,1,1
BRDA:190,18,0,1
BRDA:190,18,1,0
BRDA:192,19,0,0
BRDA:192,19,1,0
BRDA:224,20,0,1
BRDA:224,20,1,1
BRDA:229,21,0,1
BRDA:229,21,1,0
BRDA:229,21,2,0
BRF:44
BRH:11
end_of_record
TN:
SF:./src/scripts/helpers/external-call-service.js
FN:1,(anonymous_1)
FN:8,(anonymous_2)
FN:20,(anonymous_3)
FN:21,(anonymous_4)
FNF:4
FNH:4
FNDA:1,(anonymous_1)
FNDA:9,(anonymous_2)
FNDA:9,(anonymous_3)
FNDA:9,(anonymous_4)
DA:1,1
DA:8,1
DA:20,9
DA:21,9
DA:23,9
DA:26,9
DA:30,9
DA:31,0
DA:35,9
DA:40,1
DA:41,1
DA:44,8
DA:45,1
DA:49,7
DA:51,4
DA:52,3
DA:54,1
DA:61,3
DA:62,3
DA:66,1
DA:67,1
DA:72,0
DA:73,0
DA:81,1
DA:87,1
LF:25
LH:22
BRDA:30,1,0,0
BRDA:30,1,1,9
BRDA:44,2,0,1
BRDA:44,2,1,7
BRDA:49,3,0,4
BRDA:49,3,1,3
BRDA:49,4,0,7
BRDA:49,4,1,6
BRDA:51,5,0,3
BRDA:51,5,1,1
BRDA:66,6,0,1
BRDA:66,6,1,0
BRF:12
BRH:10
end_of_record
TN:
SF:./src/scripts/transformers/field-transformer-service.js
FN:1,(anonymous_1)
FN:8,(anonymous_2)
FN:53,(anonymous_3)
FN:63,(anonymous_4)
FN:87,(anonymous_5)
FN:92,(anonymous_6)
FN:96,(anonymous_7)
FN:98,(anonymous_8)
FN:141,(anonymous_9)
FN:156,(anonymous_10)
FN:197,(anonymous_11)
FNF:11
FNH:11
FNDA:1,(anonymous_1)
FNDA:15,(anonymous_2)
FNDA:12,(anonymous_3)
FNDA:10,(anonymous_4)
FNDA:3,(anonymous_5)
FNDA:6,(anonymous_6)
FNDA:9,(anonymous_7)
FNDA:15,(anonymous_8)
FNDA:9,(anonymous_9)
FNDA:3,(anonymous_10)
FNDA:6,(anonymous_11)
DA:1,1
DA:8,1
DA:13,15
DA:14,15
DA:15,15
DA:17,15
DA:53,15
DA:55,12
DA:58,12
DA:59,2
DA:63,10
DA:66,10
DA:67,1
DA:71,9
DA:74,6
DA:77,6
DA:87,15
DA:89,3
DA:92,3
DA:94,6
DA:96,6
DA:98,9
DA:99,15
DA:102,6
DA:105,6
DA:106,6
DA:107,6
DA:109,6
DA:110,6
DA:113,6
DA:117,15
DA:119,9
DA:124,3
DA:126,3
DA:141,15
DA:143,9
DA:146,9
DA:149,7
DA:152,4
DA:153,1
DA:156,3
DA:159,3
DA:160,2
DA:166,4
DA:169,4
DA:174,2
DA:178,6
DA:179,0
DA:180,6
DA:181,6
DA:183,6
DA:184,6
DA:185,6
DA:187,6
DA:197,15
DA:200,6
DA:201,6
DA:205,6
DA:206,6
DA:209,6
DA:213,1
DA:220,1
LF:62
LH:61
BRDA:58,1,0,2
BRDA:58,1,1,10
BRDA:66,2,0,1
BRDA:66,2,1,9
BRDA:99,3,0,6
BRDA:99,3,1,9
BRDA:106,4,0,6
BRDA:106,4,1,0
BRDA:146,5,0,7
BRDA:146,5,1,2
BRDA:149,6,0,4
BRDA:149,6,1,3
BRDA:152,7,0,1
BRDA:152,7,1,3
BRDA:159,8,0,2
BRDA:159,8,1,1
BRDA:178,9,0,0
BRDA:178,9,1,6
BRDA:180,10,0,6
BRDA:180,10,1,0
BRDA:184,11,0,0
BRDA:184,11,1,6
BRDA:200,12,0,6
BRDA:200,12,1,0
BRDA:205,13,0,6
BRDA:205,13,1,0
BRF:26
BRH:20
end_of_record
TN:
SF:./src/scripts/transformers/config-transformer-service.js
FN:1,(anonymous_1)
FN:8,(anonymous_2)
FN:78,(anonymous_3)
FNF:3
FNH:3
FNDA:1,(anonymous_1)
FNDA:4,(anonymous_2)
FNDA:4,(anonymous_3)
DA:1,1
DA:8,1
DA:10,4
DA:34,4
DA:43,4
DA:65,4
DA:78,4
DA:80,4
DA:81,1
DA:84,3
DA:88,1
DA:90,1
LF:12
LH:12
BRDA:80,1,0,1
BRDA:80,1,1,3
BRF:2
BRH:2
end_of_record
TN:
SF:./src/scripts/validation/validation-service.js
FN:1,(anonymous_1)
FN:8,(anonymous_2)
FN:17,(anonymous_3)
FN:19,(anonymous_4)
FN:39,(anonymous_5)
FN:51,(anonymous_6)
FNF:6
FNH:5
FNDA:1,(anonymous_1)
FNDA:7,(anonymous_2)
FNDA:1,(anonymous_3)
FNDA:1,(anonymous_4)
FNDA:1,(anonymous_5)
FNDA:0,(anonymous_6)
DA:1,1
DA:8,1
DA:17,7
DA:19,1
DA:22,1
DA:25,1
DA:39,7
DA:41,1
DA:44,1
DA:45,1
DA:49,0
DA:51,0
DA:52,0
DA:53,0
DA:62,1
DA:67,1
DA:69,1
LF:17
LH:13
BRDA:44,1,0,1
BRDA:44,1,1,0
BRDA:49,2,0,0
BRDA:49,2,1,0
BRDA:52,3,0,0
BRDA:52,3,1,0
BRDA:52,4,0,0
BRDA:52,4,1,0
BRF:8
BRH:1
end_of_record
